<<<<<<< HEAD
CRITICAL - 2024-12-21 02:03:35 --> ErrorException: Trying to access array offset on value of type null
[Method: GET, Route: data-karyawan]
in APPPATH\Controllers\Datakaryawan.php on line 28.
 1 APPPATH\Controllers\Datakaryawan.php(28): CodeIgniter\Debug\Exceptions->errorHandler(2, 'Trying to access array offset on value of type null', 'D:\\rekap_kinerja\\app\\Controllers\\Datakaryawan.php', 28)
=======
CRITICAL - 2024-12-21 00:43:44 --> ErrorException: Trying to access array offset on null
[Method: GET, Route: data-penilaian]
in APPPATH\Controllers\DataPenilaian.php on line 41.
 1 APPPATH\Controllers\DataPenilaian.php(41): CodeIgniter\Debug\Exceptions->errorHandler(2, 'Trying to access array offset on null', 'D:\\laragon\\www\\rekap_kinerja\\app\\Controllers\\DataPenilaian.php', 41)
 2 SYSTEMPATH\CodeIgniter.php(933): App\Controllers\DataPenilaian->index()
 3 SYSTEMPATH\CodeIgniter.php(509): CodeIgniter\CodeIgniter->runController(Object(App\Controllers\DataPenilaian))
 4 SYSTEMPATH\CodeIgniter.php(355): CodeIgniter\CodeIgniter->handleRequest(null, Object(Config\Cache), false)
 5 SYSTEMPATH\Boot.php(325): CodeIgniter\CodeIgniter->run()
 6 SYSTEMPATH\Boot.php(67): CodeIgniter\Boot::runCodeIgniter(Object(CodeIgniter\CodeIgniter))
 7 FCPATH\index.php(56): CodeIgniter\Boot::bootWeb(Object(Config\Paths))
 8 SYSTEMPATH\rewrite.php(44): require_once('D:\\laragon\\www\\rekap_kinerja\\public\\index.php')
CRITICAL - 2024-12-21 00:43:47 --> ErrorException: Trying to access array offset on null
[Method: GET, Route: data-karyawan]
in APPPATH\Controllers\Datakaryawan.php on line 28.
 1 APPPATH\Controllers\Datakaryawan.php(28): CodeIgniter\Debug\Exceptions->errorHandler(2, 'Trying to access array offset on null', 'D:\\laragon\\www\\rekap_kinerja\\app\\Controllers\\Datakaryawan.php', 28)
>>>>>>> 7bd6b201699b20b8418fab5736ca25e6e58df52e
 2 SYSTEMPATH\CodeIgniter.php(933): App\Controllers\Datakaryawan->index()
 3 SYSTEMPATH\CodeIgniter.php(509): CodeIgniter\CodeIgniter->runController(Object(App\Controllers\Datakaryawan))
 4 SYSTEMPATH\CodeIgniter.php(355): CodeIgniter\CodeIgniter->handleRequest(null, Object(Config\Cache), false)
 5 SYSTEMPATH\Boot.php(325): CodeIgniter\CodeIgniter->run()
 6 SYSTEMPATH\Boot.php(67): CodeIgniter\Boot::runCodeIgniter(Object(CodeIgniter\CodeIgniter))
 7 FCPATH\index.php(56): CodeIgniter\Boot::bootWeb(Object(Config\Paths))
<<<<<<< HEAD
 8 SYSTEMPATH\rewrite.php(44): require_once('D:\\rekap_kinerja\\public\\index.php')
CRITICAL - 2024-12-21 02:05:54 --> ErrorException: Trying to access array offset on value of type null
[Method: GET, Route: data-karyawan]
in APPPATH\Controllers\Datakaryawan.php on line 28.
 1 APPPATH\Controllers\Datakaryawan.php(28): CodeIgniter\Debug\Exceptions->errorHandler(2, 'Trying to access array offset on value of type null', 'D:\\rekap_kinerja\\app\\Controllers\\Datakaryawan.php', 28)
 2 SYSTEMPATH\CodeIgniter.php(933): App\Controllers\Datakaryawan->index()
 3 SYSTEMPATH\CodeIgniter.php(509): CodeIgniter\CodeIgniter->runController(Object(App\Controllers\Datakaryawan))
 4 SYSTEMPATH\CodeIgniter.php(355): CodeIgniter\CodeIgniter->handleRequest(null, Object(Config\Cache), false)
 5 SYSTEMPATH\Boot.php(325): CodeIgniter\CodeIgniter->run()
 6 SYSTEMPATH\Boot.php(67): CodeIgniter\Boot::runCodeIgniter(Object(CodeIgniter\CodeIgniter))
 7 FCPATH\index.php(56): CodeIgniter\Boot::bootWeb(Object(Config\Paths))
 8 SYSTEMPATH\rewrite.php(44): require_once('D:\\rekap_kinerja\\public\\index.php')
CRITICAL - 2024-12-21 02:06:47 --> ErrorException: Trying to access array offset on value of type null
[Method: GET, Route: data-karyawan]
in APPPATH\Controllers\Datakaryawan.php on line 28.
 1 APPPATH\Controllers\Datakaryawan.php(28): CodeIgniter\Debug\Exceptions->errorHandler(2, 'Trying to access array offset on value of type null', 'D:\\rekap_kinerja\\app\\Controllers\\Datakaryawan.php', 28)
 2 SYSTEMPATH\CodeIgniter.php(933): App\Controllers\Datakaryawan->index()
 3 SYSTEMPATH\CodeIgniter.php(509): CodeIgniter\CodeIgniter->runController(Object(App\Controllers\Datakaryawan))
 4 SYSTEMPATH\CodeIgniter.php(355): CodeIgniter\CodeIgniter->handleRequest(null, Object(Config\Cache), false)
 5 SYSTEMPATH\Boot.php(325): CodeIgniter\CodeIgniter->run()
 6 SYSTEMPATH\Boot.php(67): CodeIgniter\Boot::runCodeIgniter(Object(CodeIgniter\CodeIgniter))
 7 FCPATH\index.php(56): CodeIgniter\Boot::bootWeb(Object(Config\Paths))
 8 SYSTEMPATH\rewrite.php(44): require_once('D:\\rekap_kinerja\\public\\index.php')
CRITICAL - 2024-12-21 02:15:53 --> ErrorException: Trying to access array offset on value of type null
[Method: GET, Route: data-karyawan]
in APPPATH\Controllers\Datakaryawan.php on line 28.
 1 APPPATH\Controllers\Datakaryawan.php(28): CodeIgniter\Debug\Exceptions->errorHandler(2, 'Trying to access array offset on value of type null', 'D:\\rekap_kinerja\\app\\Controllers\\Datakaryawan.php', 28)
 2 SYSTEMPATH\CodeIgniter.php(933): App\Controllers\Datakaryawan->index()
 3 SYSTEMPATH\CodeIgniter.php(509): CodeIgniter\CodeIgniter->runController(Object(App\Controllers\Datakaryawan))
 4 SYSTEMPATH\CodeIgniter.php(355): CodeIgniter\CodeIgniter->handleRequest(null, Object(Config\Cache), false)
 5 SYSTEMPATH\Boot.php(325): CodeIgniter\CodeIgniter->run()
 6 SYSTEMPATH\Boot.php(67): CodeIgniter\Boot::runCodeIgniter(Object(CodeIgniter\CodeIgniter))
 7 FCPATH\index.php(56): CodeIgniter\Boot::bootWeb(Object(Config\Paths))
 8 SYSTEMPATH\rewrite.php(44): require_once('D:\\rekap_kinerja\\public\\index.php')
=======
 8 SYSTEMPATH\rewrite.php(44): require_once('D:\\laragon\\www\\rekap_kinerja\\public\\index.php')
CRITICAL - 2024-12-21 01:24:17 --> CodeIgniter\View\Exceptions\ViewException: Invalid file: "data-slip-gaji-detail.php"
[Method: GET, Route: data-slip-gaji-detail]
in SYSTEMPATH\Exceptions\FrameworkException.php on line 41.
 1 SYSTEMPATH\View\View.php(222): CodeIgniter\Exceptions\FrameworkException::forInvalidFile('data-slip-gaji-detail.php')
 2 SYSTEMPATH\Common.php(1171): CodeIgniter\View\View->render('data-slip-gaji-detail', [], true)
 3 APPPATH\Controllers\Datakaryawan.php(132): view('data-slip-gaji-detail')
 4 SYSTEMPATH\CodeIgniter.php(933): App\Controllers\Datakaryawan->slip_gaji_detail()
 5 SYSTEMPATH\CodeIgniter.php(509): CodeIgniter\CodeIgniter->runController(Object(App\Controllers\Datakaryawan))
 6 SYSTEMPATH\CodeIgniter.php(355): CodeIgniter\CodeIgniter->handleRequest(null, Object(Config\Cache), false)
 7 SYSTEMPATH\Boot.php(325): CodeIgniter\CodeIgniter->run()
 8 SYSTEMPATH\Boot.php(67): CodeIgniter\Boot::runCodeIgniter(Object(CodeIgniter\CodeIgniter))
 9 FCPATH\index.php(56): CodeIgniter\Boot::bootWeb(Object(Config\Paths))
10 SYSTEMPATH\rewrite.php(44): require_once('D:\\laragon\\www\\rekap_kinerja\\public\\index.php')
CRITICAL - 2024-12-21 01:24:26 --> CodeIgniter\View\Exceptions\ViewException: Invalid file: "data-slip-gaji-detail.php"
[Method: GET, Route: data-slip-gaji-detail]
in SYSTEMPATH\Exceptions\FrameworkException.php on line 41.
 1 SYSTEMPATH\View\View.php(222): CodeIgniter\Exceptions\FrameworkException::forInvalidFile('data-slip-gaji-detail.php')
 2 SYSTEMPATH\Common.php(1171): CodeIgniter\View\View->render('data-slip-gaji-detail', [], true)
 3 APPPATH\Controllers\Datakaryawan.php(132): view('data-slip-gaji-detail')
 4 SYSTEMPATH\CodeIgniter.php(933): App\Controllers\Datakaryawan->slip_gaji_detail()
 5 SYSTEMPATH\CodeIgniter.php(509): CodeIgniter\CodeIgniter->runController(Object(App\Controllers\Datakaryawan))
 6 SYSTEMPATH\CodeIgniter.php(355): CodeIgniter\CodeIgniter->handleRequest(null, Object(Config\Cache), false)
 7 SYSTEMPATH\Boot.php(325): CodeIgniter\CodeIgniter->run()
 8 SYSTEMPATH\Boot.php(67): CodeIgniter\Boot::runCodeIgniter(Object(CodeIgniter\CodeIgniter))
 9 FCPATH\index.php(56): CodeIgniter\Boot::bootWeb(Object(Config\Paths))
10 SYSTEMPATH\rewrite.php(44): require_once('D:\\laragon\\www\\rekap_kinerja\\public\\index.php')
CRITICAL - 2024-12-21 01:27:02 --> CodeIgniter\View\Exceptions\ViewException: Invalid file: "slipgaji/data-slip-gaji-detail.php"
[Method: GET, Route: data-slip-gaji-detail]
in SYSTEMPATH\Exceptions\FrameworkException.php on line 41.
 1 SYSTEMPATH\View\View.php(222): CodeIgniter\Exceptions\FrameworkException::forInvalidFile('slipgaji/data-slip-gaji-detail.php')
 2 SYSTEMPATH\Common.php(1171): CodeIgniter\View\View->render('slipgaji/data-slip-gaji-detail', [], true)
 3 APPPATH\Controllers\Datakaryawan.php(132): view('slipgaji/data-slip-gaji-detail')
 4 SYSTEMPATH\CodeIgniter.php(933): App\Controllers\Datakaryawan->slip_gaji_detail()
 5 SYSTEMPATH\CodeIgniter.php(509): CodeIgniter\CodeIgniter->runController(Object(App\Controllers\Datakaryawan))
 6 SYSTEMPATH\CodeIgniter.php(355): CodeIgniter\CodeIgniter->handleRequest(null, Object(Config\Cache), false)
 7 SYSTEMPATH\Boot.php(325): CodeIgniter\CodeIgniter->run()
 8 SYSTEMPATH\Boot.php(67): CodeIgniter\Boot::runCodeIgniter(Object(CodeIgniter\CodeIgniter))
 9 FCPATH\index.php(56): CodeIgniter\Boot::bootWeb(Object(Config\Paths))
10 SYSTEMPATH\rewrite.php(44): require_once('D:\\laragon\\www\\rekap_kinerja\\public\\index.php')
>>>>>>> 7bd6b201699b20b8418fab5736ca25e6e58df52e
