CRITICAL - 2024-11-05 06:50:17 --> ErrorException: Undefined variable $id_bidang
[Method: GET, Route: karyawan/edit/2]
in APPPATH\Controllers\Datakaryawan.php on line 80.
 1 APPPATH\Controllers\Datakaryawan.php(80): CodeIgniter\Debug\Exceptions->errorHandler(2, 'Undefined variable $id_bidang', 'D:\\laragon\\www\\rekap_kinerja\\app\\Controllers\\Datakaryawan.php', 80)
 2 SYSTEMPATH\CodeIgniter.php(933): App\Controllers\Datakaryawan->edit('2')
 3 SYSTEMPATH\CodeIgniter.php(509): CodeIgniter\CodeIgniter->runController(Object(App\Controllers\Datakaryawan))
 4 SYSTEMPATH\CodeIgniter.php(355): CodeIgniter\CodeIgniter->handleRequest(null, Object(Config\Cache), false)
 5 SYSTEMPATH\Boot.php(325): CodeIgniter\CodeIgniter->run()
 6 SYSTEMPATH\Boot.php(67): CodeIgniter\Boot::runCodeIgniter(Object(CodeIgniter\CodeIgniter))
 7 FCPATH\index.php(56): CodeIgniter\Boot::bootWeb(Object(Config\Paths))
 8 SYSTEMPATH\rewrite.php(44): require_once('D:\\laragon\\www\\rekap_kinerja\\public\\index.php')
CRITICAL - 2024-11-05 06:59:20 --> ErrorException: Trying to access array offset on value of type null
[Method: GET, Route: data-karyawan]
in APPPATH\Controllers\Datakaryawan.php on line 29.
 1 APPPATH\Controllers\Datakaryawan.php(29): CodeIgniter\Debug\Exceptions->errorHandler(2, 'Trying to access array offset on value of type null', 'D:\\laragon\\www\\rekap_kinerja\\app\\Controllers\\Datakaryawan.php', 29)
 2 SYSTEMPATH\CodeIgniter.php(933): App\Controllers\Datakaryawan->index()
 3 SYSTEMPATH\CodeIgniter.php(509): CodeIgniter\CodeIgniter->runController(Object(App\Controllers\Datakaryawan))
 4 SYSTEMPATH\CodeIgniter.php(355): CodeIgniter\CodeIgniter->handleRequest(null, Object(Config\Cache), false)
 5 SYSTEMPATH\Boot.php(325): CodeIgniter\CodeIgniter->run()
 6 SYSTEMPATH\Boot.php(67): CodeIgniter\Boot::runCodeIgniter(Object(CodeIgniter\CodeIgniter))
 7 FCPATH\index.php(56): CodeIgniter\Boot::bootWeb(Object(Config\Paths))
 8 SYSTEMPATH\rewrite.php(44): require_once('D:\\laragon\\www\\rekap_kinerja\\public\\index.php')
