CRITICAL - 2024-12-20 07:15:10 --> ErrorException: Trying to access array offset on value of type null
[Method: GET, Route: data-penilaian/tambah]
in APPPATH\Controllers\DataPenilaian.php on line 64.
 1 APPPATH\Controllers\DataPenilaian.php(64): CodeIgniter\Debug\Exceptions->errorHandler(2, 'Trying to access array offset on value of type null', 'D:\\rekap_kinerja\\app\\Controllers\\DataPenilaian.php', 64)
 2 SYSTEMPATH\CodeIgniter.php(933): App\Controllers\DataPenilaian->tambah()
 3 SYSTEMPATH\CodeIgniter.php(509): CodeIgniter\CodeIgniter->runController(Object(App\Controllers\DataPenilaian))
 4 SYSTEMPATH\CodeIgniter.php(355): CodeIgniter\CodeIgniter->handleRequest(null, Object(Config\Cache), false)
 5 SYSTEMPATH\Boot.php(325): CodeIgniter\CodeIgniter->run()
 6 SYSTEMPATH\Boot.php(67): CodeIgniter\Boot::runCodeIgniter(Object(CodeIgniter\CodeIgniter))
 7 FCPATH\index.php(56): CodeIgniter\Boot::bootWeb(Object(Config\Paths))
 8 SYSTEMPATH\rewrite.php(44): require_once('D:\\rekap_kinerja\\public\\index.php')
CRITICAL - 2024-12-20 07:15:13 --> ErrorException: Trying to access array offset on value of type null
[Method: GET, Route: data-penilaian]
in APPPATH\Controllers\DataPenilaian.php on line 41.
 1 APPPATH\Controllers\DataPenilaian.php(41): CodeIgniter\Debug\Exceptions->errorHandler(2, 'Trying to access array offset on value of type null', 'D:\\rekap_kinerja\\app\\Controllers\\DataPenilaian.php', 41)
 2 SYSTEMPATH\CodeIgniter.php(933): App\Controllers\DataPenilaian->index()
 3 SYSTEMPATH\CodeIgniter.php(509): CodeIgniter\CodeIgniter->runController(Object(App\Controllers\DataPenilaian))
 4 SYSTEMPATH\CodeIgniter.php(355): CodeIgniter\CodeIgniter->handleRequest(null, Object(Config\Cache), false)
 5 SYSTEMPATH\Boot.php(325): CodeIgniter\CodeIgniter->run()
 6 SYSTEMPATH\Boot.php(67): CodeIgniter\Boot::runCodeIgniter(Object(CodeIgniter\CodeIgniter))
 7 FCPATH\index.php(56): CodeIgniter\Boot::bootWeb(Object(Config\Paths))
 8 SYSTEMPATH\rewrite.php(44): require_once('D:\\rekap_kinerja\\public\\index.php')
CRITICAL - 2024-12-20 07:15:14 --> ErrorException: Trying to access array offset on value of type null
[Method: GET, Route: data-karyawan]
in APPPATH\Controllers\Datakaryawan.php on line 28.
 1 APPPATH\Controllers\Datakaryawan.php(28): CodeIgniter\Debug\Exceptions->errorHandler(2, 'Trying to access array offset on value of type null', 'D:\\rekap_kinerja\\app\\Controllers\\Datakaryawan.php', 28)
 2 SYSTEMPATH\CodeIgniter.php(933): App\Controllers\Datakaryawan->index()
 3 SYSTEMPATH\CodeIgniter.php(509): CodeIgniter\CodeIgniter->runController(Object(App\Controllers\Datakaryawan))
 4 SYSTEMPATH\CodeIgniter.php(355): CodeIgniter\CodeIgniter->handleRequest(null, Object(Config\Cache), false)
 5 SYSTEMPATH\Boot.php(325): CodeIgniter\CodeIgniter->run()
 6 SYSTEMPATH\Boot.php(67): CodeIgniter\Boot::runCodeIgniter(Object(CodeIgniter\CodeIgniter))
 7 FCPATH\index.php(56): CodeIgniter\Boot::bootWeb(Object(Config\Paths))
 8 SYSTEMPATH\rewrite.php(44): require_once('D:\\rekap_kinerja\\public\\index.php')
CRITICAL - 2024-12-20 07:15:15 --> ErrorException: Trying to access array offset on value of type null
[Method: GET, Route: tambah-karyawan/tambah]
in APPPATH\Controllers\Datakaryawan.php on line 47.
 1 APPPATH\Controllers\Datakaryawan.php(47): CodeIgniter\Debug\Exceptions->errorHandler(2, 'Trying to access array offset on value of type null', 'D:\\rekap_kinerja\\app\\Controllers\\Datakaryawan.php', 47)
 2 SYSTEMPATH\CodeIgniter.php(933): App\Controllers\Datakaryawan->tambah()
 3 SYSTEMPATH\CodeIgniter.php(509): CodeIgniter\CodeIgniter->runController(Object(App\Controllers\Datakaryawan))
 4 SYSTEMPATH\CodeIgniter.php(355): CodeIgniter\CodeIgniter->handleRequest(null, Object(Config\Cache), false)
 5 SYSTEMPATH\Boot.php(325): CodeIgniter\CodeIgniter->run()
 6 SYSTEMPATH\Boot.php(67): CodeIgniter\Boot::runCodeIgniter(Object(CodeIgniter\CodeIgniter))
 7 FCPATH\index.php(56): CodeIgniter\Boot::bootWeb(Object(Config\Paths))
 8 SYSTEMPATH\rewrite.php(44): require_once('D:\\rekap_kinerja\\public\\index.php')
CRITICAL - 2024-12-20 07:15:16 --> ErrorException: Trying to access array offset on value of type null
[Method: GET, Route: data-karyawan]
in APPPATH\Controllers\Datakaryawan.php on line 28.
 1 APPPATH\Controllers\Datakaryawan.php(28): CodeIgniter\Debug\Exceptions->errorHandler(2, 'Trying to access array offset on value of type null', 'D:\\rekap_kinerja\\app\\Controllers\\Datakaryawan.php', 28)
 2 SYSTEMPATH\CodeIgniter.php(933): App\Controllers\Datakaryawan->index()
 3 SYSTEMPATH\CodeIgniter.php(509): CodeIgniter\CodeIgniter->runController(Object(App\Controllers\Datakaryawan))
 4 SYSTEMPATH\CodeIgniter.php(355): CodeIgniter\CodeIgniter->handleRequest(null, Object(Config\Cache), false)
 5 SYSTEMPATH\Boot.php(325): CodeIgniter\CodeIgniter->run()
 6 SYSTEMPATH\Boot.php(67): CodeIgniter\Boot::runCodeIgniter(Object(CodeIgniter\CodeIgniter))
 7 FCPATH\index.php(56): CodeIgniter\Boot::bootWeb(Object(Config\Paths))
 8 SYSTEMPATH\rewrite.php(44): require_once('D:\\rekap_kinerja\\public\\index.php')
CRITICAL - 2024-12-20 07:15:16 --> ErrorException: Trying to access array offset on value of type null
[Method: GET, Route: tambah-karyawan/tambah]
in APPPATH\Controllers\Datakaryawan.php on line 47.
 1 APPPATH\Controllers\Datakaryawan.php(47): CodeIgniter\Debug\Exceptions->errorHandler(2, 'Trying to access array offset on value of type null', 'D:\\rekap_kinerja\\app\\Controllers\\Datakaryawan.php', 47)
 2 SYSTEMPATH\CodeIgniter.php(933): App\Controllers\Datakaryawan->tambah()
 3 SYSTEMPATH\CodeIgniter.php(509): CodeIgniter\CodeIgniter->runController(Object(App\Controllers\Datakaryawan))
 4 SYSTEMPATH\CodeIgniter.php(355): CodeIgniter\CodeIgniter->handleRequest(null, Object(Config\Cache), false)
 5 SYSTEMPATH\Boot.php(325): CodeIgniter\CodeIgniter->run()
 6 SYSTEMPATH\Boot.php(67): CodeIgniter\Boot::runCodeIgniter(Object(CodeIgniter\CodeIgniter))
 7 FCPATH\index.php(56): CodeIgniter\Boot::bootWeb(Object(Config\Paths))
 8 SYSTEMPATH\rewrite.php(44): require_once('D:\\rekap_kinerja\\public\\index.php')
CRITICAL - 2024-12-20 07:15:16 --> ErrorException: Trying to access array offset on value of type null
[Method: GET, Route: data-karyawan]
in APPPATH\Controllers\Datakaryawan.php on line 28.
 1 APPPATH\Controllers\Datakaryawan.php(28): CodeIgniter\Debug\Exceptions->errorHandler(2, 'Trying to access array offset on value of type null', 'D:\\rekap_kinerja\\app\\Controllers\\Datakaryawan.php', 28)
 2 SYSTEMPATH\CodeIgniter.php(933): App\Controllers\Datakaryawan->index()
 3 SYSTEMPATH\CodeIgniter.php(509): CodeIgniter\CodeIgniter->runController(Object(App\Controllers\Datakaryawan))
 4 SYSTEMPATH\CodeIgniter.php(355): CodeIgniter\CodeIgniter->handleRequest(null, Object(Config\Cache), false)
 5 SYSTEMPATH\Boot.php(325): CodeIgniter\CodeIgniter->run()
 6 SYSTEMPATH\Boot.php(67): CodeIgniter\Boot::runCodeIgniter(Object(CodeIgniter\CodeIgniter))
 7 FCPATH\index.php(56): CodeIgniter\Boot::bootWeb(Object(Config\Paths))
 8 SYSTEMPATH\rewrite.php(44): require_once('D:\\rekap_kinerja\\public\\index.php')
CRITICAL - 2024-12-20 07:15:17 --> ErrorException: Trying to access array offset on value of type null
[Method: GET, Route: tambah-karyawan/tambah]
in APPPATH\Controllers\Datakaryawan.php on line 47.
 1 APPPATH\Controllers\Datakaryawan.php(47): CodeIgniter\Debug\Exceptions->errorHandler(2, 'Trying to access array offset on value of type null', 'D:\\rekap_kinerja\\app\\Controllers\\Datakaryawan.php', 47)
 2 SYSTEMPATH\CodeIgniter.php(933): App\Controllers\Datakaryawan->tambah()
 3 SYSTEMPATH\CodeIgniter.php(509): CodeIgniter\CodeIgniter->runController(Object(App\Controllers\Datakaryawan))
 4 SYSTEMPATH\CodeIgniter.php(355): CodeIgniter\CodeIgniter->handleRequest(null, Object(Config\Cache), false)
 5 SYSTEMPATH\Boot.php(325): CodeIgniter\CodeIgniter->run()
 6 SYSTEMPATH\Boot.php(67): CodeIgniter\Boot::runCodeIgniter(Object(CodeIgniter\CodeIgniter))
 7 FCPATH\index.php(56): CodeIgniter\Boot::bootWeb(Object(Config\Paths))
 8 SYSTEMPATH\rewrite.php(44): require_once('D:\\rekap_kinerja\\public\\index.php')
CRITICAL - 2024-12-20 07:15:17 --> ErrorException: Trying to access array offset on value of type null
[Method: GET, Route: data-karyawan]
in APPPATH\Controllers\Datakaryawan.php on line 28.
 1 APPPATH\Controllers\Datakaryawan.php(28): CodeIgniter\Debug\Exceptions->errorHandler(2, 'Trying to access array offset on value of type null', 'D:\\rekap_kinerja\\app\\Controllers\\Datakaryawan.php', 28)
 2 SYSTEMPATH\CodeIgniter.php(933): App\Controllers\Datakaryawan->index()
 3 SYSTEMPATH\CodeIgniter.php(509): CodeIgniter\CodeIgniter->runController(Object(App\Controllers\Datakaryawan))
 4 SYSTEMPATH\CodeIgniter.php(355): CodeIgniter\CodeIgniter->handleRequest(null, Object(Config\Cache), false)
 5 SYSTEMPATH\Boot.php(325): CodeIgniter\CodeIgniter->run()
 6 SYSTEMPATH\Boot.php(67): CodeIgniter\Boot::runCodeIgniter(Object(CodeIgniter\CodeIgniter))
 7 FCPATH\index.php(56): CodeIgniter\Boot::bootWeb(Object(Config\Paths))
 8 SYSTEMPATH\rewrite.php(44): require_once('D:\\rekap_kinerja\\public\\index.php')
CRITICAL - 2024-12-20 07:16:33 --> ErrorException: Trying to access array offset on value of type null
[Method: GET, Route: data-karyawan]
in APPPATH\Controllers\Datakaryawan.php on line 28.
 1 APPPATH\Controllers\Datakaryawan.php(28): CodeIgniter\Debug\Exceptions->errorHandler(2, 'Trying to access array offset on value of type null', 'D:\\rekap_kinerja\\app\\Controllers\\Datakaryawan.php', 28)
 2 SYSTEMPATH\CodeIgniter.php(933): App\Controllers\Datakaryawan->index()
 3 SYSTEMPATH\CodeIgniter.php(509): CodeIgniter\CodeIgniter->runController(Object(App\Controllers\Datakaryawan))
 4 SYSTEMPATH\CodeIgniter.php(355): CodeIgniter\CodeIgniter->handleRequest(null, Object(Config\Cache), false)
 5 SYSTEMPATH\Boot.php(325): CodeIgniter\CodeIgniter->run()
 6 SYSTEMPATH\Boot.php(67): CodeIgniter\Boot::runCodeIgniter(Object(CodeIgniter\CodeIgniter))
 7 FCPATH\index.php(56): CodeIgniter\Boot::bootWeb(Object(Config\Paths))
 8 SYSTEMPATH\rewrite.php(44): require_once('D:\\rekap_kinerja\\public\\index.php')
